#
# There is insufficient memory for the Java Runtime Environment to continue.
# Native memory allocation (malloc) failed to allocate 680176 bytes for Chunk::new
# Possible reasons:
#   The system is out of physical RAM or swap space
#   The process is running with CompressedOops enabled, and the Java Heap may be blocking the growth of the native heap
# Possible solutions:
#   Reduce memory load on the system
#   Increase physical memory or swap space
#   Check if swap backing store is full
#   Decrease Java heap size (-Xmx/-Xms)
#   Decrease number of Java threads
#   Decrease Java thread stack sizes (-Xss)
#   Set larger code cache with -XX:ReservedCodeCacheSize=
#   JVM is running with Zero Based Compressed Oops mode in which the Java heap is
#     placed in the first 32GB address space. The Java Heap base address is the
#     maximum limit for the native heap growth. Please use -XX:HeapBaseMinAddress
#     to set the Java Heap base and to place the Java Heap above 32GB virtual address.
# This output file may be truncated or incomplete.
#
#  Out of Memory Error (./open/src/hotspot/share/memory/arena.cpp:197), pid=3152, tid=8956
#
# JRE version: Java(TM) SE Runtime Environment 18.9 (11.0.23+7) (build 11.0.23+7-LTS-222)
# Java VM: Java HotSpot(TM) 64-Bit Server VM 18.9 (11.0.23+7-LTS-222, mixed mode, tiered, compressed oops, g1 gc, windows-amd64)
# No core dump will be written. Minidumps are not enabled by default on client versions of Windows
#

---------------  S U M M A R Y ------------

Command Line: -javaagent:C:\Users\user\Desktop\course\Intelij\lib\idea_rt.jar=51307:C:\Users\user\Desktop\course\Intelij\bin -Dfile.encoding=UTF-8 com.coding404.myweb.BootMywebApplication

Host: 12th Gen Intel(R) Core(TM) i5-12400, 12 cores, 15G,  Windows 11 , 64 bit Build 22621 (10.0.22621.3958)
Time: Mon Aug 19 11:21:37 2024  Windows 11 , 64 bit Build 22621 (10.0.22621.3958) elapsed time: 9.668095 seconds (0d 0h 0m 9s)

---------------  T H R E A D  ---------------

Current thread (0x00000180c09d9800):  JavaThread "C2 CompilerThread2" daemon [_thread_in_native, id=8956, stack(0x0000006a4bd00000,0x0000006a4be00000)]


Current CompileTask:
C2:   9668 5317       4       jdk.internal.loader.Resource::getByteBuffer (24 bytes)

Stack: [0x0000006a4bd00000,0x0000006a4be00000]
Native frames: (J=compiled Java code, j=interpreted, Vv=VM code, C=native code)
V  [jvm.dll+0x65524a]
V  [jvm.dll+0x79646f]
V  [jvm.dll+0x797b39]
V  [jvm.dll+0x7981e3]
V  [jvm.dll+0x254ee5]
V  [jvm.dll+0xb310c]
V  [jvm.dll+0xb371c]
V  [jvm.dll+0x35ed01]
V  [jvm.dll+0x32b9f5]
V  [jvm.dll+0x32adda]
V  [jvm.dll+0x20ee5d]
V  [jvm.dll+0x20de2d]
V  [jvm.dll+0x18b291]
V  [jvm.dll+0x21def4]
V  [jvm.dll+0x21c21c]
V  [jvm.dll+0x75a5f1]
V  [jvm.dll+0x752ef4]
V  [jvm.dll+0x6540f5]
C  [ucrtbase.dll+0x29333]
C  [KERNEL32.DLL+0x1257d]
C  [ntdll.dll+0x5af28]


---------------  P R O C E S S  ---------------

Threads class SMR info:
_java_thread_list=0x00000180bc69f2a0, length=33, elements={
0x00000180ba40e000, 0x00000180bacb4000, 0x00000180bad21000, 0x00000180bad23000,
0x00000180bad24800, 0x00000180bad28000, 0x00000180bad2e800, 0x00000180bad39800,
0x00000180bae9b800, 0x00000180bb009000, 0x00000180c08b9000, 0x00000180bd882000,
0x00000180c1012800, 0x00000180c1269800, 0x00000180bdcf1800, 0x00000180be100800,
0x00000180be0fb800, 0x00000180be0fd000, 0x00000180be0fe800, 0x00000180be0fa800,
0x00000180be0ff800, 0x00000180be101000, 0x00000180be0fc000, 0x00000180be0fe000,
0x00000180c209a000, 0x00000180c209b800, 0x00000180c209b000, 0x00000180c209e000,
0x00000180c209c800, 0x00000180c1c7d800, 0x00000180c09d9800, 0x00000180c2098800,
0x00000180c209f000
}

Java Threads: ( => current thread )
  0x00000180ba40e000 JavaThread "Reference Handler" daemon [_thread_blocked, id=34820, stack(0x0000006a4ac00000,0x0000006a4ad00000)]
  0x00000180bacb4000 JavaThread "Finalizer" daemon [_thread_blocked, id=33080, stack(0x0000006a4ad00000,0x0000006a4ae00000)]
  0x00000180bad21000 JavaThread "Signal Dispatcher" daemon [_thread_blocked, id=2928, stack(0x0000006a4ae00000,0x0000006a4af00000)]
  0x00000180bad23000 JavaThread "Attach Listener" daemon [_thread_blocked, id=36716, stack(0x0000006a4af00000,0x0000006a4b000000)]
  0x00000180bad24800 JavaThread "Service Thread" daemon [_thread_blocked, id=25872, stack(0x0000006a4b000000,0x0000006a4b100000)]
  0x00000180bad28000 JavaThread "C2 CompilerThread0" daemon [_thread_blocked, id=4776, stack(0x0000006a4b100000,0x0000006a4b200000)]
  0x00000180bad2e800 JavaThread "C1 CompilerThread0" daemon [_thread_blocked, id=22156, stack(0x0000006a4b200000,0x0000006a4b300000)]
  0x00000180bad39800 JavaThread "Sweeper thread" daemon [_thread_blocked, id=1112, stack(0x0000006a4b300000,0x0000006a4b400000)]
  0x00000180bae9b800 JavaThread "Common-Cleaner" daemon [_thread_blocked, id=15448, stack(0x0000006a4b400000,0x0000006a4b500000)]
  0x00000180bb009000 JavaThread "Monitor Ctrl-Break" daemon [_thread_in_native, id=20308, stack(0x0000006a4b600000,0x0000006a4b700000)]
  0x00000180c08b9000 JavaThread "Catalina-utility-1" [_thread_blocked, id=27228, stack(0x0000006a4bf00000,0x0000006a4c000000)]
  0x00000180bd882000 JavaThread "Catalina-utility-2" [_thread_blocked, id=35276, stack(0x0000006a4c500000,0x0000006a4c600000)]
  0x00000180c1012800 JavaThread "container-0" [_thread_blocked, id=16972, stack(0x0000006a4c600000,0x0000006a4c700000)]
  0x00000180c1269800 JavaThread "mysql-cj-abandoned-connection-cleanup" daemon [_thread_blocked, id=20828, stack(0x0000006a4c700000,0x0000006a4c800000)]
  0x00000180bdcf1800 JavaThread "File Watcher" daemon [_thread_blocked, id=13856, stack(0x0000006a4c800000,0x0000006a4c900000)]
  0x00000180be100800 JavaThread "Live Reload Server" daemon [_thread_in_native, id=31092, stack(0x0000006a4ca00000,0x0000006a4cb00000)]
  0x00000180be0fb800 JavaThread "http-nio-8282-exec-1" daemon [_thread_blocked, id=13816, stack(0x0000006a4c900000,0x0000006a4ca00000)]
  0x00000180be0fd000 JavaThread "http-nio-8282-exec-2" daemon [_thread_blocked, id=33072, stack(0x0000006a4cb00000,0x0000006a4cc00000)]
  0x00000180be0fe800 JavaThread "http-nio-8282-exec-3" daemon [_thread_blocked, id=32120, stack(0x0000006a4cc00000,0x0000006a4cd00000)]
  0x00000180be0fa800 JavaThread "http-nio-8282-exec-4" daemon [_thread_blocked, id=24756, stack(0x0000006a4cd00000,0x0000006a4ce00000)]
  0x00000180be0ff800 JavaThread "http-nio-8282-exec-5" daemon [_thread_blocked, id=15700, stack(0x0000006a4ce00000,0x0000006a4cf00000)]
  0x00000180be101000 JavaThread "http-nio-8282-exec-6" daemon [_thread_blocked, id=33640, stack(0x0000006a4cf00000,0x0000006a4d000000)]
  0x00000180be0fc000 JavaThread "http-nio-8282-exec-7" daemon [_thread_blocked, id=10540, stack(0x0000006a4d000000,0x0000006a4d100000)]
  0x00000180be0fe000 JavaThread "http-nio-8282-exec-8" daemon [_thread_blocked, id=31716, stack(0x0000006a4d100000,0x0000006a4d200000)]
  0x00000180c209a000 JavaThread "http-nio-8282-exec-9" daemon [_thread_blocked, id=6504, stack(0x0000006a4d200000,0x0000006a4d300000)]
  0x00000180c209b800 JavaThread "http-nio-8282-exec-10" daemon [_thread_blocked, id=18996, stack(0x0000006a4d300000,0x0000006a4d400000)]
  0x00000180c209b000 JavaThread "http-nio-8282-Poller" daemon [_thread_in_native, id=15888, stack(0x0000006a4d400000,0x0000006a4d500000)]
  0x00000180c209e000 JavaThread "http-nio-8282-Acceptor" daemon [_thread_in_native, id=33100, stack(0x0000006a4d500000,0x0000006a4d600000)]
  0x00000180c209c800 JavaThread "DestroyJavaVM" [_thread_blocked, id=764, stack(0x0000006a4a500000,0x0000006a4a600000)]
  0x00000180c1c7d800 JavaThread "C2 CompilerThread1" daemon [_thread_in_native, id=3228, stack(0x0000006a4b500000,0x0000006a4b600000)]
=>0x00000180c09d9800 JavaThread "C2 CompilerThread2" daemon [_thread_in_native, id=8956, stack(0x0000006a4bd00000,0x0000006a4be00000)]
  0x00000180c2098800 JavaThread "HikariPool-1 housekeeper" daemon [_thread_blocked, id=13636, stack(0x0000006a4c400000,0x0000006a4c500000)]
  0x00000180c209f000 JavaThread "HikariPool-1 connection adder" daemon [_thread_blocked, id=36592, stack(0x0000006a4d600000,0x0000006a4d700000)]

Other Threads:
  0x00000180ba40a000 VMThread "VM Thread" [stack: 0x0000006a4ab00000,0x0000006a4ac00000] [id=36228]
  0x00000180bb16d800 WatcherThread [stack: 0x0000006a4b700000,0x0000006a4b800000] [id=13560]
  0x00000180974c3000 GCTaskThread "GC Thread#0" [stack: 0x0000006a4a600000,0x0000006a4a700000] [id=22748]
  0x00000180bb98a000 GCTaskThread "GC Thread#1" [stack: 0x0000006a4b800000,0x0000006a4b900000] [id=15844]
  0x00000180bb942000 GCTaskThread "GC Thread#2" [stack: 0x0000006a4b900000,0x0000006a4ba00000] [id=31388]
  0x00000180bbe5b800 GCTaskThread "GC Thread#3" [stack: 0x0000006a4ba00000,0x0000006a4bb00000] [id=4160]
  0x00000180bbb4c800 GCTaskThread "GC Thread#4" [stack: 0x0000006a4bb00000,0x0000006a4bc00000] [id=12348]
  0x00000180bc071800 GCTaskThread "GC Thread#5" [stack: 0x0000006a4bc00000,0x0000006a4bd00000] [id=33344]
  0x00000180bbd6b000 GCTaskThread "GC Thread#6" [stack: 0x0000006a4c000000,0x0000006a4c100000] [id=11632]
  0x00000180bbd69000 GCTaskThread "GC Thread#7" [stack: 0x0000006a4c100000,0x0000006a4c200000] [id=35916]
  0x000001809751f000 ConcurrentGCThread "G1 Main Marker" [stack: 0x0000006a4a700000,0x0000006a4a800000] [id=31028]
  0x0000018097521800 ConcurrentGCThread "G1 Conc#0" [stack: 0x0000006a4a800000,0x0000006a4a900000] [id=17708]
  0x00000180bbd6a000 ConcurrentGCThread "G1 Conc#1" [stack: 0x0000006a4c200000,0x0000006a4c300000] [id=25148]
  0x00000180bbd6c000 ConcurrentGCThread "G1 Conc#2" [stack: 0x0000006a4c300000,0x0000006a4c400000] [id=29176]
  0x00000180ba2eb000 ConcurrentGCThread "G1 Refine#0" [stack: 0x0000006a4a900000,0x0000006a4aa00000] [id=24340]
  0x00000180ba2ec000 ConcurrentGCThread "G1 Young RemSet Sampling" [stack: 0x0000006a4aa00000,0x0000006a4ab00000] [id=21392]

Threads with active compile tasks:
C2 CompilerThread1     9685 5323   !   4       java.util.concurrent.ConcurrentHashMap::transfer (828 bytes)
C2 CompilerThread2     9685 5317       4       jdk.internal.loader.Resource::getByteBuffer (24 bytes)

VM state:not at safepoint (normal execution)

VM Mutex/Monitor currently owned by a thread: None

Heap address: 0x0000000704600000, size: 4026 MB, Compressed Oops mode: Zero based, Oop shift amount: 3
Narrow klass base: 0x0000000800000000, Narrow klass shift: 0
Compressed class space size: 1073741824 Address: 0x0000000800000000

Heap:
 garbage-first heap   total 310272K, used 28610K [0x0000000704600000, 0x0000000800000000)
  region size 1024K, 22 young (22528K), 16 survivors (16384K)
 Metaspace       used 58933K, capacity 60400K, committed 60588K, reserved 1101824K
  class space    used 7047K, capacity 7632K, committed 7680K, reserved 1048576K
Heap Regions: E=young(eden), S=young(survivor), O=old, HS=humongous(starts), HC=humongous(continues), CS=collection set, F=free, A=archive, TAMS=top-at-mark-start (previous, next)
|   0|0x0000000704600000, 0x0000000704700000, 0x0000000704700000|100%| O|  |TAMS 0x0000000704700000, 0x0000000704600000| Untracked 
|   1|0x0000000704700000, 0x0000000704800000, 0x0000000704800000|100%| O|  |TAMS 0x0000000704800000, 0x0000000704700000| Untracked 
|   2|0x0000000704800000, 0x0000000704900000, 0x0000000704900000|100%| O|  |TAMS 0x0000000704900000, 0x0000000704800000| Untracked 
|   3|0x0000000704900000, 0x0000000704a00000, 0x0000000704a00000|100%| O|  |TAMS 0x0000000704a00000, 0x0000000704900000| Untracked 
|   4|0x0000000704a00000, 0x0000000704b00000, 0x0000000704b00000|100%| O|  |TAMS 0x0000000704b00000, 0x0000000704a00000| Untracked 
|   5|0x0000000704b00000, 0x0000000704c00000, 0x0000000704c00000|100%| O|  |TAMS 0x0000000704c00000, 0x0000000704b00000| Untracked 
|   6|0x0000000704c00000, 0x0000000704d00000, 0x0000000704d00000|100%| O|  |TAMS 0x0000000704d00000, 0x0000000704c00000| Untracked 
|   7|0x0000000704d00000, 0x0000000704daf200, 0x0000000704e00000| 68%| O|  |TAMS 0x0000000704daf200, 0x0000000704d00000| Untracked 
|   8|0x0000000704e00000, 0x0000000704e00000, 0x0000000704f00000|  0%| F|  |TAMS 0x0000000704e00000, 0x0000000704e00000| Untracked 
|   9|0x0000000704f00000, 0x0000000704f00000, 0x0000000705000000|  0%| F|  |TAMS 0x0000000704f00000, 0x0000000704f00000| Untracked 
|  10|0x0000000705000000, 0x0000000705000000, 0x0000000705100000|  0%| F|  |TAMS 0x0000000705000000, 0x0000000705000000| Untracked 
|  11|0x0000000705100000, 0x0000000705100000, 0x0000000705200000|  0%| F|  |TAMS 0x0000000705100000, 0x0000000705100000| Untracked 
|  12|0x0000000705200000, 0x0000000705200000, 0x0000000705300000|  0%| F|  |TAMS 0x0000000705200000, 0x0000000705200000| Untracked 
|  13|0x0000000705300000, 0x0000000705300000, 0x0000000705400000|  0%| F|  |TAMS 0x0000000705300000, 0x0000000705300000| Untracked 
|  14|0x0000000705400000, 0x0000000705400000, 0x0000000705500000|  0%| F|  |TAMS 0x0000000705400000, 0x0000000705400000| Untracked 
|  15|0x0000000705500000, 0x0000000705500000, 0x0000000705600000|  0%| F|  |TAMS 0x0000000705500000, 0x0000000705500000| Untracked 
|  16|0x0000000705600000, 0x0000000705600000, 0x0000000705700000|  0%| F|  |TAMS 0x0000000705600000, 0x0000000705600000| Untracked 
|  17|0x0000000705700000, 0x0000000705700000, 0x0000000705800000|  0%| F|  |TAMS 0x0000000705700000, 0x0000000705700000| Untracked 
|  18|0x0000000705800000, 0x0000000705800000, 0x0000000705900000|  0%| F|  |TAMS 0x0000000705800000, 0x0000000705800000| Untracked 
|  19|0x0000000705900000, 0x0000000705900000, 0x0000000705a00000|  0%| F|  |TAMS 0x0000000705900000, 0x0000000705900000| Untracked 
|  20|0x0000000705a00000, 0x0000000705a00000, 0x0000000705b00000|  0%| F|  |TAMS 0x0000000705a00000, 0x0000000705a00000| Untracked 
|  21|0x0000000705b00000, 0x0000000705b00000, 0x0000000705c00000|  0%| F|  |TAMS 0x0000000705b00000, 0x0000000705b00000| Untracked 
|  22|0x0000000705c00000, 0x0000000705c00000, 0x0000000705d00000|  0%| F|  |TAMS 0x0000000705c00000, 0x0000000705c00000| Untracked 
|  23|0x0000000705d00000, 0x0000000705d00000, 0x0000000705e00000|  0%| F|  |TAMS 0x0000000705d00000, 0x0000000705d00000| Untracked 
|  24|0x0000000705e00000, 0x0000000705e00000, 0x0000000705f00000|  0%| F|  |TAMS 0x0000000705e00000, 0x0000000705e00000| Untracked 
|  25|0x0000000705f00000, 0x0000000705f00000, 0x0000000706000000|  0%| F|  |TAMS 0x0000000705f00000, 0x0000000705f00000| Untracked 
|  26|0x0000000706000000, 0x0000000706000000, 0x0000000706100000|  0%| F|  |TAMS 0x0000000706000000, 0x0000000706000000| Untracked 
|  27|0x0000000706100000, 0x0000000706100000, 0x0000000706200000|  0%| F|  |TAMS 0x0000000706100000, 0x0000000706100000| Untracked 
|  28|0x0000000706200000, 0x0000000706200000, 0x0000000706300000|  0%| F|  |TAMS 0x0000000706200000, 0x0000000706200000| Untracked 
|  29|0x0000000706300000, 0x0000000706300000, 0x0000000706400000|  0%| F|  |TAMS 0x0000000706300000, 0x0000000706300000| Untracked 
|  30|0x0000000706400000, 0x0000000706400000, 0x0000000706500000|  0%| F|  |TAMS 0x0000000706400000, 0x0000000706400000| Untracked 
|  31|0x0000000706500000, 0x0000000706500000, 0x0000000706600000|  0%| F|  |TAMS 0x0000000706500000, 0x0000000706500000| Untracked 
|  32|0x0000000706600000, 0x0000000706600000, 0x0000000706700000|  0%| F|  |TAMS 0x0000000706600000, 0x0000000706600000| Untracked 
|  33|0x0000000706700000, 0x0000000706700000, 0x0000000706800000|  0%| F|  |TAMS 0x0000000706700000, 0x0000000706700000| Untracked 
|  34|0x0000000706800000, 0x0000000706800000, 0x0000000706900000|  0%| F|  |TAMS 0x0000000706800000, 0x0000000706800000| Untracked 
|  35|0x0000000706900000, 0x0000000706900000, 0x0000000706a00000|  0%| F|  |TAMS 0x0000000706900000, 0x0000000706900000| Untracked 
|  36|0x0000000706a00000, 0x0000000706a00000, 0x0000000706b00000|  0%| F|  |TAMS 0x0000000706a00000, 0x0000000706a00000| Untracked 
|  37|0x0000000706b00000, 0x0000000706b00000, 0x0000000706c00000|  0%| F|  |TAMS 0x0000000706b00000, 0x0000000706b00000| Untracked 
|  38|0x0000000706c00000, 0x0000000706c00000, 0x0000000706d00000|  0%| F|  |TAMS 0x0000000706c00000, 0x0000000706c00000| Untracked 
|  39|0x0000000706d00000, 0x0000000706d00000, 0x0000000706e00000|  0%| F|  |TAMS 0x0000000706d00000, 0x0000000706d00000| Untracked 
|  40|0x0000000706e00000, 0x0000000706e00000, 0x0000000706f00000|  0%| F|  |TAMS 0x0000000706e00000, 0x0000000706e00000| Untracked 
|  41|0x0000000706f00000, 0x0000000706f00000, 0x0000000707000000|  0%| F|  |TAMS 0x0000000706f00000, 0x0000000706f00000| Untracked 
|  42|0x0000000707000000, 0x0000000707000000, 0x0000000707100000|  0%| F|  |TAMS 0x0000000707000000, 0x0000000707000000| Untracked 
|  43|0x0000000707100000, 0x0000000707100000, 0x0000000707200000|  0%| F|  |TAMS 0x0000000707100000, 0x0000000707100000| Untracked 
|  44|0x0000000707200000, 0x0000000707200000, 0x0000000707300000|  0%| F|  |TAMS 0x0000000707200000, 0x0000000707200000| Untracked 
|  45|0x0000000707300000, 0x0000000707300000, 0x0000000707400000|  0%| F|  |TAMS 0x0000000707300000, 0x0000000707300000| Untracked 
|  46|0x0000000707400000, 0x0000000707400000, 0x0000000707500000|  0%| F|  |TAMS 0x0000000707400000, 0x0000000707400000| Untracked 
|  47|0x0000000707500000, 0x0000000707500000, 0x0000000707600000|  0%| F|  |TAMS 0x0000000707500000, 0x0000000707500000| Untracked 
|  48|0x0000000707600000, 0x0000000707600000, 0x0000000707700000|  0%| F|  |TAMS 0x0000000707600000, 0x0000000707600000| Untracked 
|  49|0x0000000707700000, 0x0000000707700000, 0x0000000707800000|  0%| F|  |TAMS 0x0000000707700000, 0x0000000707700000| Untracked 
|  50|0x0000000707800000, 0x0000000707800000, 0x0000000707900000|  0%| F|  |TAMS 0x0000000707800000, 0x0000000707800000| Untracked 
|  51|0x0000000707900000, 0x0000000707900000, 0x0000000707a00000|  0%| F|  |TAMS 0x0000000707900000, 0x0000000707900000| Untracked 
|  52|0x0000000707a00000, 0x0000000707a00000, 0x0000000707b00000|  0%| F|  |TAMS 0x0000000707a00000, 0x0000000707a00000| Untracked 
|  53|0x0000000707b00000, 0x0000000707b00000, 0x0000000707c00000|  0%| F|  |TAMS 0x0000000707b00000, 0x0000000707b00000| Untracked 
|  54|0x0000000707c00000, 0x0000000707c00000, 0x0000000707d00000|  0%| F|  |TAMS 0x0000000707c00000, 0x0000000707c00000| Untracked 
|  55|0x0000000707d00000, 0x0000000707d00000, 0x0000000707e00000|  0%| F|  |TAMS 0x0000000707d00000, 0x0000000707d00000| Untracked 
|  56|0x0000000707e00000, 0x0000000707e00000, 0x0000000707f00000|  0%| F|  |TAMS 0x0000000707e00000, 0x0000000707e00000| Untracked 
|  57|0x0000000707f00000, 0x0000000707f00000, 0x0000000708000000|  0%| F|  |TAMS 0x0000000707f00000, 0x0000000707f00000| Untracked 
|  58|0x0000000708000000, 0x0000000708000000, 0x0000000708100000|  0%| F|  |TAMS 0x0000000708000000, 0x0000000708000000| Untracked 
|  59|0x0000000708100000, 0x0000000708100000, 0x0000000708200000|  0%| F|  |TAMS 0x0000000708100000, 0x0000000708100000| Untracked 
|  60|0x0000000708200000, 0x0000000708200000, 0x0000000708300000|  0%| F|  |TAMS 0x0000000708200000, 0x0000000708200000| Untracked 
|  61|0x0000000708300000, 0x0000000708300000, 0x0000000708400000|  0%| F|  |TAMS 0x0000000708300000, 0x0000000708300000| Untracked 
|  62|0x0000000708400000, 0x0000000708400000, 0x0000000708500000|  0%| F|  |TAMS 0x0000000708400000, 0x0000000708400000| Untracked 
|  63|0x0000000708500000, 0x0000000708500000, 0x0000000708600000|  0%| F|  |TAMS 0x0000000708500000, 0x0000000708500000| Untracked 
|  64|0x0000000708600000, 0x0000000708600000, 0x0000000708700000|  0%| F|  |TAMS 0x0000000708600000, 0x0000000708600000| Untracked 
|  65|0x0000000708700000, 0x0000000708700000, 0x0000000708800000|  0%| F|  |TAMS 0x0000000708700000, 0x0000000708700000| Untracked 
|  66|0x0000000708800000, 0x0000000708800000, 0x0000000708900000|  0%| F|  |TAMS 0x0000000708800000, 0x0000000708800000| Untracked 
|  67|0x0000000708900000, 0x0000000708900000, 0x0000000708a00000|  0%| F|  |TAMS 0x0000000708900000, 0x0000000708900000| Untracked 
|  68|0x0000000708a00000, 0x0000000708a00000, 0x0000000708b00000|  0%| F|  |TAMS 0x0000000708a00000, 0x0000000708a00000| Untracked 
|  69|0x0000000708b00000, 0x0000000708b00000, 0x0000000708c00000|  0%| F|  |TAMS 0x0000000708b00000, 0x0000000708b00000| Untracked 
|  70|0x0000000708c00000, 0x0000000708c00000, 0x0000000708d00000|  0%| F|  |TAMS 0x0000000708c00000, 0x0000000708c00000| Untracked 
|  71|0x0000000708d00000, 0x0000000708d00000, 0x0000000708e00000|  0%| F|  |TAMS 0x0000000708d00000, 0x0000000708d00000| Untracked 
|  72|0x0000000708e00000, 0x0000000708e00000, 0x0000000708f00000|  0%| F|  |TAMS 0x0000000708e00000, 0x0000000708e00000| Untracked 
|  73|0x0000000708f00000, 0x0000000708f00000, 0x0000000709000000|  0%| F|  |TAMS 0x0000000708f00000, 0x0000000708f00000| Untracked 
|  74|0x0000000709000000, 0x0000000709000000, 0x0000000709100000|  0%| F|  |TAMS 0x0000000709000000, 0x0000000709000000| Untracked 
|  75|0x0000000709100000, 0x0000000709100000, 0x0000000709200000|  0%| F|  |TAMS 0x0000000709100000, 0x0000000709100000| Untracked 
|  76|0x0000000709200000, 0x0000000709200000, 0x0000000709300000|  0%| F|  |TAMS 0x0000000709200000, 0x0000000709200000| Untracked 
|  77|0x0000000709300000, 0x0000000709300000, 0x0000000709400000|  0%| F|  |TAMS 0x0000000709300000, 0x0000000709300000| Untracked 
|  78|0x0000000709400000, 0x0000000709400000, 0x0000000709500000|  0%| F|  |TAMS 0x0000000709400000, 0x0000000709400000| Untracked 
|  79|0x0000000709500000, 0x0000000709500000, 0x0000000709600000|  0%| F|  |TAMS 0x0000000709500000, 0x0000000709500000| Untracked 
|  80|0x0000000709600000, 0x0000000709600000, 0x0000000709700000|  0%| F|  |TAMS 0x0000000709600000, 0x0000000709600000| Untracked 
|  81|0x0000000709700000, 0x0000000709700000, 0x0000000709800000|  0%| F|  |TAMS 0x0000000709700000, 0x0000000709700000| Untracked 
|  82|0x0000000709800000, 0x0000000709800000, 0x0000000709900000|  0%| F|  |TAMS 0x0000000709800000, 0x0000000709800000| Untracked 
|  83|0x0000000709900000, 0x0000000709900000, 0x0000000709a00000|  0%| F|  |TAMS 0x0000000709900000, 0x0000000709900000| Untracked 
|  84|0x0000000709a00000, 0x0000000709a00000, 0x0000000709b00000|  0%| F|  |TAMS 0x0000000709a00000, 0x0000000709a00000| Untracked 
|  85|0x0000000709b00000, 0x0000000709b00000, 0x0000000709c00000|  0%| F|  |TAMS 0x0000000709b00000, 0x0000000709b00000| Untracked 
|  86|0x0000000709c00000, 0x0000000709c00000, 0x0000000709d00000|  0%| F|  |TAMS 0x0000000709c00000, 0x0000000709c00000| Untracked 
|  87|0x0000000709d00000, 0x0000000709d00000, 0x0000000709e00000|  0%| F|  |TAMS 0x0000000709d00000, 0x0000000709d00000| Untracked 
|  88|0x0000000709e00000, 0x0000000709e00000, 0x0000000709f00000|  0%| F|  |TAMS 0x0000000709e00000, 0x0000000709e00000| Untracked 
|  89|0x0000000709f00000, 0x0000000709f00000, 0x000000070a000000|  0%| F|  |TAMS 0x0000000709f00000, 0x0000000709f00000| Untracked 
|  90|0x000000070a000000, 0x000000070a000000, 0x000000070a100000|  0%| F|  |TAMS 0x000000070a000000, 0x000000070a000000| Untracked 
|  91|0x000000070a100000, 0x000000070a100000, 0x000000070a200000|  0%| F|  |TAMS 0x000000070a100000, 0x000000070a100000| Untracked 
|  92|0x000000070a200000, 0x000000070a200000, 0x000000070a300000|  0%| F|  |TAMS 0x000000070a200000, 0x000000070a200000| Untracked 
|  93|0x000000070a300000, 0x000000070a300000, 0x000000070a400000|  0%| F|  |TAMS 0x000000070a300000, 0x000000070a300000| Untracked 
|  94|0x000000070a400000, 0x000000070a400000, 0x000000070a500000|  0%| F|  |TAMS 0x000000070a400000, 0x000000070a400000| Untracked 
|  95|0x000000070a500000, 0x000000070a500000, 0x000000070a600000|  0%| F|  |TAMS 0x000000070a500000, 0x000000070a500000| Untracked 
|  96|0x000000070a600000, 0x000000070a600000, 0x000000070a700000|  0%| F|  |TAMS 0x000000070a600000, 0x000000070a600000| Untracked 
|  97|0x000000070a700000, 0x000000070a700000, 0x000000070a800000|  0%| F|  |TAMS 0x000000070a700000, 0x000000070a700000| Untracked 
|  98|0x000000070a800000, 0x000000070a800000, 0x000000070a900000|  0%| F|  |TAMS 0x000000070a800000, 0x000000070a800000| Untracked 
|  99|0x000000070a900000, 0x000000070a900000, 0x000000070aa00000|  0%| F|  |TAMS 0x000000070a900000, 0x000000070a900000| Untracked 
| 100|0x000000070aa00000, 0x000000070aa00000, 0x000000070ab00000|  0%| F|  |TAMS 0x000000070aa00000, 0x000000070aa00000| Untracked 
| 101|0x000000070ab00000, 0x000000070ab00000, 0x000000070ac00000|  0%| F|  |TAMS 0x000000070ab00000, 0x000000070ab00000| Untracked 
| 102|0x000000070ac00000, 0x000000070ac00000, 0x000000070ad00000|  0%| F|  |TAMS 0x000000070ac00000, 0x000000070ac00000| Untracked 
| 103|0x000000070ad00000, 0x000000070ad00000, 0x000000070ae00000|  0%| F|  |TAMS 0x000000070ad00000, 0x000000070ad00000| Untracked 
| 104|0x000000070ae00000, 0x000000070ae00000, 0x000000070af00000|  0%| F|  |TAMS 0x000000070ae00000, 0x000000070ae00000| Untracked 
| 105|0x000000070af00000, 0x000000070af00000, 0x000000070b000000|  0%| F|  |TAMS 0x000000070af00000, 0x000000070af00000| Untracked 
| 106|0x000000070b000000, 0x000000070b000000, 0x000000070b100000|  0%| F|  |TAMS 0x000000070b000000, 0x000000070b000000| Untracked 
| 107|0x000000070b100000, 0x000000070b100000, 0x000000070b200000|  0%| F|  |TAMS 0x000000070b100000, 0x000000070b100000| Untracked 
| 108|0x000000070b200000, 0x000000070b200000, 0x000000070b300000|  0%| F|  |TAMS 0x000000070b200000, 0x000000070b200000| Untracked 
| 109|0x000000070b300000, 0x000000070b300000, 0x000000070b400000|  0%| F|  |TAMS 0x000000070b300000, 0x000000070b300000| Untracked 
| 110|0x000000070b400000, 0x000000070b400000, 0x000000070b500000|  0%| F|  |TAMS 0x000000070b400000, 0x000000070b400000| Untracked 
| 111|0x000000070b500000, 0x000000070b500000, 0x000000070b600000|  0%| F|  |TAMS 0x000000070b500000, 0x000000070b500000| Untracked 
| 112|0x000000070b600000, 0x000000070b600000, 0x000000070b700000|  0%| F|  |TAMS 0x000000070b600000, 0x000000070b600000| Untracked 
| 113|0x000000070b700000, 0x000000070b700000, 0x000000070b800000|  0%| F|  |TAMS 0x000000070b700000, 0x000000070b700000| Untracked 
| 114|0x000000070b800000, 0x000000070b800000, 0x000000070b900000|  0%| F|  |TAMS 0x000000070b800000, 0x000000070b800000| Untracked 
| 115|0x000000070b900000, 0x000000070b900000, 0x000000070ba00000|  0%| F|  |TAMS 0x000000070b900000, 0x000000070b900000| Untracked 
| 116|0x000000070ba00000, 0x000000070ba00000, 0x000000070bb00000|  0%| F|  |TAMS 0x000000070ba00000, 0x000000070ba00000| Untracked 
| 117|0x000000070bb00000, 0x000000070bb00000, 0x000000070bc00000|  0%| F|  |TAMS 0x000000070bb00000, 0x000000070bb00000| Untracked 
| 118|0x000000070bc00000, 0x000000070bc00000, 0x000000070bd00000|  0%| F|  |TAMS 0x000000070bc00000, 0x000000070bc00000| Untracked 
| 119|0x000000070bd00000, 0x000000070bd00000, 0x000000070be00000|  0%| F|  |TAMS 0x000000070bd00000, 0x000000070bd00000| Untracked 
| 120|0x000000070be00000, 0x000000070be00000, 0x000000070bf00000|  0%| F|  |TAMS 0x000000070be00000, 0x000000070be00000| Untracked 
| 121|0x000000070bf00000, 0x000000070bf00000, 0x000000070c000000|  0%| F|  |TAMS 0x000000070bf00000, 0x000000070bf00000| Untracked 
| 122|0x000000070c000000, 0x000000070c000000, 0x000000070c100000|  0%| F|  |TAMS 0x000000070c000000, 0x000000070c000000| Untracked 
| 123|0x000000070c100000, 0x000000070c100000, 0x000000070c200000|  0%| F|  |TAMS 0x000000070c100000, 0x000000070c100000| Untracked 
| 124|0x000000070c200000, 0x000000070c200000, 0x000000070c300000|  0%| F|  |TAMS 0x000000070c200000, 0x000000070c200000| Untracked 
| 125|0x000000070c300000, 0x000000070c300000, 0x000000070c400000|  0%| F|  |TAMS 0x000000070c300000, 0x000000070c300000| Untracked 
| 126|0x000000070c400000, 0x000000070c400000, 0x000000070c500000|  0%| F|  |TAMS 0x000000070c400000, 0x000000070c400000| Untracked 
| 127|0x000000070c500000, 0x000000070c500000, 0x000000070c600000|  0%| F|  |TAMS 0x000000070c500000, 0x000000070c500000| Untracked 
| 128|0x000000070c600000, 0x000000070c600000, 0x000000070c700000|  0%| F|  |TAMS 0x000000070c600000, 0x000000070c600000| Untracked 
| 129|0x000000070c700000, 0x000000070c700000, 0x000000070c800000|  0%| F|  |TAMS 0x000000070c700000, 0x000000070c700000| Untracked 
| 130|0x000000070c800000, 0x000000070c800000, 0x000000070c900000|  0%| F|  |TAMS 0x000000070c800000, 0x000000070c800000| Untracked 
| 131|0x000000070c900000, 0x000000070c900000, 0x000000070ca00000|  0%| F|  |TAMS 0x000000070c900000, 0x000000070c900000| Untracked 
| 132|0x000000070ca00000, 0x000000070ca00000, 0x000000070cb00000|  0%| F|  |TAMS 0x000000070ca00000, 0x000000070ca00000| Untracked 
| 133|0x000000070cb00000, 0x000000070cb00000, 0x000000070cc00000|  0%| F|  |TAMS 0x000000070cb00000, 0x000000070cb00000| Untracked 
| 134|0x000000070cc00000, 0x000000070cc00000, 0x000000070cd00000|  0%| F|  |TAMS 0x000000070cc00000, 0x000000070cc00000| Untracked 
| 135|0x000000070cd00000, 0x000000070cd00000, 0x000000070ce00000|  0%| F|  |TAMS 0x000000070cd00000, 0x000000070cd00000| Untracked 
| 136|0x000000070ce00000, 0x000000070ce00000, 0x000000070cf00000|  0%| F|  |TAMS 0x000000070ce00000, 0x000000070ce00000| Untracked 
| 137|0x000000070cf00000, 0x000000070cf00000, 0x000000070d000000|  0%| F|  |TAMS 0x000000070cf00000, 0x000000070cf00000| Untracked 
| 138|0x000000070d000000, 0x000000070d000000, 0x000000070d100000|  0%| F|  |TAMS 0x000000070d000000, 0x000000070d000000| Untracked 
| 139|0x000000070d100000, 0x000000070d100000, 0x000000070d200000|  0%| F|  |TAMS 0x000000070d100000, 0x000000070d100000| Untracked 
| 140|0x000000070d200000, 0x000000070d200000, 0x000000070d300000|  0%| F|  |TAMS 0x000000070d200000, 0x000000070d200000| Untracked 
| 141|0x000000070d300000, 0x000000070d300000, 0x000000070d400000|  0%| F|  |TAMS 0x000000070d300000, 0x000000070d300000| Untracked 
| 142|0x000000070d400000, 0x000000070d400000, 0x000000070d500000|  0%| F|  |TAMS 0x000000070d400000, 0x000000070d400000| Untracked 
| 143|0x000000070d500000, 0x000000070d500000, 0x000000070d600000|  0%| F|  |TAMS 0x000000070d500000, 0x000000070d500000| Untracked 
| 144|0x000000070d600000, 0x000000070d600000, 0x000000070d700000|  0%| F|  |TAMS 0x000000070d600000, 0x000000070d600000| Untracked 
| 145|0x000000070d700000, 0x000000070d700000, 0x000000070d800000|  0%| F|  |TAMS 0x000000070d700000, 0x000000070d700000| Untracked 
| 146|0x000000070d800000, 0x000000070d800000, 0x000000070d900000|  0%| F|  |TAMS 0x000000070d800000, 0x000000070d800000| Untracked 
| 147|0x000000070d900000, 0x000000070d900000, 0x000000070da00000|  0%| F|  |TAMS 0x000000070d900000, 0x000000070d900000| Untracked 
| 148|0x000000070da00000, 0x000000070da00000, 0x000000070db00000|  0%| F|  |TAMS 0x000000070da00000, 0x000000070da00000| Untracked 
| 149|0x000000070db00000, 0x000000070db00000, 0x000000070dc00000|  0%| F|  |TAMS 0x000000070db00000, 0x000000070db00000| Untracked 
| 150|0x000000070dc00000, 0x000000070dc00000, 0x000000070dd00000|  0%| F|  |TAMS 0x000000070dc00000, 0x000000070dc00000| Untracked 
| 151|0x000000070dd00000, 0x000000070dd00000, 0x000000070de00000|  0%| F|  |TAMS 0x000000070dd00000, 0x000000070dd00000| Untracked 
| 152|0x000000070de00000, 0x000000070de00000, 0x000000070df00000|  0%| F|  |TAMS 0x000000070de00000, 0x000000070de00000| Untracked 
| 153|0x000000070df00000, 0x000000070df00000, 0x000000070e000000|  0%| F|  |TAMS 0x000000070df00000, 0x000000070df00000| Untracked 
| 154|0x000000070e000000, 0x000000070e000000, 0x000000070e100000|  0%| F|  |TAMS 0x000000070e000000, 0x000000070e000000| Untracked 
| 155|0x000000070e100000, 0x000000070e100000, 0x000000070e200000|  0%| F|  |TAMS 0x000000070e100000, 0x000000070e100000| Untracked 
| 156|0x000000070e200000, 0x000000070e200000, 0x000000070e300000|  0%| F|  |TAMS 0x000000070e200000, 0x000000070e200000| Untracked 
| 157|0x000000070e300000, 0x000000070e300000, 0x000000070e400000|  0%| F|  |TAMS 0x000000070e300000, 0x000000070e300000| Untracked 
| 158|0x000000070e400000, 0x000000070e400000, 0x000000070e500000|  0%| F|  |TAMS 0x000000070e400000, 0x000000070e400000| Untracked 
| 159|0x000000070e500000, 0x000000070e500000, 0x000000070e600000|  0%| F|  |TAMS 0x000000070e500000, 0x000000070e500000| Untracked 
| 160|0x000000070e600000, 0x000000070e600000, 0x000000070e700000|  0%| F|  |TAMS 0x000000070e600000, 0x000000070e600000| Untracked 
| 161|0x000000070e700000, 0x000000070e700000, 0x000000070e800000|  0%| F|  |TAMS 0x000000070e700000, 0x000000070e700000| Untracked 
| 162|0x000000070e800000, 0x000000070e800000, 0x000000070e900000|  0%| F|  |TAMS 0x000000070e800000, 0x000000070e800000| Untracked 
| 163|0x000000070e900000, 0x000000070e900000, 0x000000070ea00000|  0%| F|  |TAMS 0x000000070e900000, 0x000000070e900000| Untracked 
| 164|0x000000070ea00000, 0x000000070ea00000, 0x000000070eb00000|  0%| F|  |TAMS 0x000000070ea00000, 0x000000070ea00000| Untracked 
| 165|0x000000070eb00000, 0x000000070eb00000, 0x000000070ec00000|  0%| F|  |TAMS 0x000000070eb00000, 0x000000070eb00000| Untracked 
| 166|0x000000070ec00000, 0x000000070ec00000, 0x000000070ed00000|  0%| F|  |TAMS 0x000000070ec00000, 0x000000070ec00000| Untracked 
| 167|0x000000070ed00000, 0x000000070ed00000, 0x000000070ee00000|  0%| F|  |TAMS 0x000000070ed00000, 0x000000070ed00000| Untracked 
| 168|0x000000070ee00000, 0x000000070ee00000, 0x000000070ef00000|  0%| F|  |TAMS 0x000000070ee00000, 0x000000070ee00000| Untracked 
| 169|0x000000070ef00000, 0x000000070ef00000, 0x000000070f000000|  0%| F|  |TAMS 0x000000070ef00000, 0x000000070ef00000| Untracked 
| 170|0x000000070f000000, 0x000000070f000000, 0x000000070f100000|  0%| F|  |TAMS 0x000000070f000000, 0x000000070f000000| Untracked 
| 171|0x000000070f100000, 0x000000070f100000, 0x000000070f200000|  0%| F|  |TAMS 0x000000070f100000, 0x000000070f100000| Untracked 
| 172|0x000000070f200000, 0x000000070f200000, 0x000000070f300000|  0%| F|  |TAMS 0x000000070f200000, 0x000000070f200000| Untracked 
| 173|0x000000070f300000, 0x000000070f300000, 0x000000070f400000|  0%| F|  |TAMS 0x000000070f300000, 0x000000070f300000| Untracked 
| 174|0x000000070f400000, 0x000000070f400000, 0x000000070f500000|  0%| F|  |TAMS 0x000000070f400000, 0x000000070f400000| Untracked 
| 175|0x000000070f500000, 0x000000070f500000, 0x000000070f600000|  0%| F|  |TAMS 0x000000070f500000, 0x000000070f500000| Untracked 
| 176|0x000000070f600000, 0x000000070f600000, 0x000000070f700000|  0%| F|  |TAMS 0x000000070f600000, 0x000000070f600000| Untracked 
| 177|0x000000070f700000, 0x000000070f700000, 0x000000070f800000|  0%| F|  |TAMS 0x000000070f700000, 0x000000070f700000| Untracked 
| 178|0x000000070f800000, 0x000000070f800000, 0x000000070f900000|  0%| F|  |TAMS 0x000000070f800000, 0x000000070f800000| Untracked 
| 179|0x000000070f900000, 0x000000070f900000, 0x000000070fa00000|  0%| F|  |TAMS 0x000000070f900000, 0x000000070f900000| Untracked 
| 180|0x000000070fa00000, 0x000000070fa00000, 0x000000070fb00000|  0%| F|  |TAMS 0x000000070fa00000, 0x000000070fa00000| Untracked 
| 181|0x000000070fb00000, 0x000000070fb00000, 0x000000070fc00000|  0%| F|  |TAMS 0x000000070fb00000, 0x000000070fb00000| Untracked 
| 182|0x000000070fc00000, 0x000000070fc00000, 0x000000070fd00000|  0%| F|  |TAMS 0x000000070fc00000, 0x000000070fc00000| Untracked 
| 183|0x000000070fd00000, 0x000000070fd00000, 0x000000070fe00000|  0%| F|  |TAMS 0x000000070fd00000, 0x000000070fd00000| Untracked 
| 184|0x000000070fe00000, 0x000000070fe00000, 0x000000070ff00000|  0%| F|  |TAMS 0x000000070fe00000, 0x000000070fe00000| Untracked 
| 185|0x000000070ff00000, 0x000000070ff00000, 0x0000000710000000|  0%| F|  |TAMS 0x000000070ff00000, 0x000000070ff00000| Untracked 
| 186|0x0000000710000000, 0x0000000710000000, 0x0000000710100000|  0%| F|  |TAMS 0x0000000710000000, 0x0000000710000000| Untracked 
| 187|0x0000000710100000, 0x0000000710100000, 0x0000000710200000|  0%| F|  |TAMS 0x0000000710100000, 0x0000000710100000| Untracked 
| 188|0x0000000710200000, 0x0000000710200000, 0x0000000710300000|  0%| F|  |TAMS 0x0000000710200000, 0x0000000710200000| Untracked 
| 189|0x0000000710300000, 0x0000000710300000, 0x0000000710400000|  0%| F|  |TAMS 0x0000000710300000, 0x0000000710300000| Untracked 
| 190|0x0000000710400000, 0x0000000710400000, 0x0000000710500000|  0%| F|  |TAMS 0x0000000710400000, 0x0000000710400000| Untracked 
| 191|0x0000000710500000, 0x0000000710500000, 0x0000000710600000|  0%| F|  |TAMS 0x0000000710500000, 0x0000000710500000| Untracked 
| 192|0x0000000710600000, 0x0000000710600000, 0x0000000710700000|  0%| F|  |TAMS 0x0000000710600000, 0x0000000710600000| Untracked 
| 193|0x0000000710700000, 0x0000000710700000, 0x0000000710800000|  0%| F|  |TAMS 0x0000000710700000, 0x0000000710700000| Untracked 
| 194|0x0000000710800000, 0x0000000710800000, 0x0000000710900000|  0%| F|  |TAMS 0x0000000710800000, 0x0000000710800000| Untracked 
| 195|0x0000000710900000, 0x0000000710900000, 0x0000000710a00000|  0%| F|  |TAMS 0x0000000710900000, 0x0000000710900000| Untracked 
| 196|0x0000000710a00000, 0x0000000710a00000, 0x0000000710b00000|  0%| F|  |TAMS 0x0000000710a00000, 0x0000000710a00000| Untracked 
| 197|0x0000000710b00000, 0x0000000710b00000, 0x0000000710c00000|  0%| F|  |TAMS 0x0000000710b00000, 0x0000000710b00000| Untracked 
| 198|0x0000000710c00000, 0x0000000710c00000, 0x0000000710d00000|  0%| F|  |TAMS 0x0000000710c00000, 0x0000000710c00000| Untracked 
| 199|0x0000000710d00000, 0x0000000710d00000, 0x0000000710e00000|  0%| F|  |TAMS 0x0000000710d00000, 0x0000000710d00000| Untracked 
| 200|0x0000000710e00000, 0x0000000710e00000, 0x0000000710f00000|  0%| F|  |TAMS 0x0000000710e00000, 0x0000000710e00000| Untracked 
| 201|0x0000000710f00000, 0x0000000710f00000, 0x0000000711000000|  0%| F|  |TAMS 0x0000000710f00000, 0x0000000710f00000| Untracked 
| 202|0x0000000711000000, 0x0000000711000000, 0x0000000711100000|  0%| F|  |TAMS 0x0000000711000000, 0x0000000711000000| Untracked 
| 203|0x0000000711100000, 0x0000000711100000, 0x0000000711200000|  0%| F|  |TAMS 0x0000000711100000, 0x0000000711100000| Untracked 
| 204|0x0000000711200000, 0x0000000711200000, 0x0000000711300000|  0%| F|  |TAMS 0x0000000711200000, 0x0000000711200000| Untracked 
| 205|0x0000000711300000, 0x0000000711300000, 0x0000000711400000|  0%| F|  |TAMS 0x0000000711300000, 0x0000000711300000| Untracked 
| 206|0x0000000711400000, 0x0000000711400000, 0x0000000711500000|  0%| F|  |TAMS 0x0000000711400000, 0x0000000711400000| Untracked 
| 207|0x0000000711500000, 0x0000000711500000, 0x0000000711600000|  0%| F|  |TAMS 0x0000000711500000, 0x0000000711500000| Untracked 
| 208|0x0000000711600000, 0x0000000711600000, 0x0000000711700000|  0%| F|  |TAMS 0x0000000711600000, 0x0000000711600000| Untracked 
| 209|0x0000000711700000, 0x0000000711700000, 0x0000000711800000|  0%| F|  |TAMS 0x0000000711700000, 0x0000000711700000| Untracked 
| 210|0x0000000711800000, 0x0000000711800000, 0x0000000711900000|  0%| F|  |TAMS 0x0000000711800000, 0x0000000711800000| Untracked 
| 211|0x0000000711900000, 0x0000000711900000, 0x0000000711a00000|  0%| F|  |TAMS 0x0000000711900000, 0x0000000711900000| Untracked 
| 212|0x0000000711a00000, 0x0000000711a00000, 0x0000000711b00000|  0%| F|  |TAMS 0x0000000711a00000, 0x0000000711a00000| Untracked 
| 213|0x0000000711b00000, 0x0000000711b00000, 0x0000000711c00000|  0%| F|  |TAMS 0x0000000711b00000, 0x0000000711b00000| Untracked 
| 214|0x0000000711c00000, 0x0000000711c00000, 0x0000000711d00000|  0%| F|  |TAMS 0x0000000711c00000, 0x0000000711c00000| Untracked 
| 215|0x0000000711d00000, 0x0000000711d00000, 0x0000000711e00000|  0%| F|  |TAMS 0x0000000711d00000, 0x0000000711d00000| Untracked 
| 216|0x0000000711e00000, 0x0000000711e00000, 0x0000000711f00000|  0%| F|  |TAMS 0x0000000711e00000, 0x0000000711e00000| Untracked 
| 217|0x0000000711f00000, 0x0000000711f00000, 0x0000000712000000|  0%| F|  |TAMS 0x0000000711f00000, 0x0000000711f00000| Untracked 
| 218|0x0000000712000000, 0x0000000712000000, 0x0000000712100000|  0%| F|  |TAMS 0x0000000712000000, 0x0000000712000000| Untracked 
| 219|0x0000000712100000, 0x0000000712100000, 0x0000000712200000|  0%| F|  |TAMS 0x0000000712100000, 0x0000000712100000| Untracked 
| 220|0x0000000712200000, 0x0000000712200000, 0x0000000712300000|  0%| F|  |TAMS 0x0000000712200000, 0x0000000712200000| Untracked 
| 221|0x0000000712300000, 0x0000000712300000, 0x0000000712400000|  0%| F|  |TAMS 0x0000000712300000, 0x0000000712300000| Untracked 
| 222|0x0000000712400000, 0x0000000712400000, 0x0000000712500000|  0%| F|  |TAMS 0x0000000712400000, 0x0000000712400000| Untracked 
| 223|0x0000000712500000, 0x0000000712500000, 0x0000000712600000|  0%| F|  |TAMS 0x0000000712500000, 0x0000000712500000| Untracked 
| 224|0x0000000712600000, 0x0000000712600000, 0x0000000712700000|  0%| F|  |TAMS 0x0000000712600000, 0x0000000712600000| Untracked 
| 225|0x0000000712700000, 0x0000000712700000, 0x0000000712800000|  0%| F|  |TAMS 0x0000000712700000, 0x0000000712700000| Untracked 
| 226|0x0000000712800000, 0x0000000712800000, 0x0000000712900000|  0%| F|  |TAMS 0x0000000712800000, 0x0000000712800000| Untracked 
| 227|0x0000000712900000, 0x0000000712900000, 0x0000000712a00000|  0%| F|  |TAMS 0x0000000712900000, 0x0000000712900000| Untracked 
| 228|0x0000000712a00000, 0x0000000712a00000, 0x0000000712b00000|  0%| F|  |TAMS 0x0000000712a00000, 0x0000000712a00000| Untracked 
| 229|0x0000000712b00000, 0x0000000712b00000, 0x0000000712c00000|  0%| F|  |TAMS 0x0000000712b00000, 0x0000000712b00000| Untracked 
| 230|0x0000000712c00000, 0x0000000712c00000, 0x0000000712d00000|  0%| F|  |TAMS 0x0000000712c00000, 0x0000000712c00000| Untracked 
| 231|0x0000000712d00000, 0x0000000712d00000, 0x0000000712e00000|  0%| F|  |TAMS 0x0000000712d00000, 0x0000000712d00000| Untracked 
| 232|0x0000000712e00000, 0x0000000712e00000, 0x0000000712f00000|  0%| F|  |TAMS 0x0000000712e00000, 0x0000000712e00000| Untracked 
| 233|0x0000000712f00000, 0x0000000712f00000, 0x0000000713000000|  0%| F|  |TAMS 0x0000000712f00000, 0x0000000712f00000| Untracked 
| 234|0x0000000713000000, 0x0000000713000000, 0x0000000713100000|  0%| F|  |TAMS 0x0000000713000000, 0x0000000713000000| Untracked 
| 235|0x0000000713100000, 0x0000000713100000, 0x0000000713200000|  0%| F|  |TAMS 0x0000000713100000, 0x0000000713100000| Untracked 
| 236|0x0000000713200000, 0x0000000713200000, 0x0000000713300000|  0%| F|  |TAMS 0x0000000713200000, 0x0000000713200000| Untracked 
| 237|0x0000000713300000, 0x0000000713300000, 0x0000000713400000|  0%| F|  |TAMS 0x0000000713300000, 0x0000000713300000| Untracked 
| 238|0x0000000713400000, 0x0000000713400000, 0x0000000713500000|  0%| F|  |TAMS 0x0000000713400000, 0x0000000713400000| Untracked 
| 239|0x0000000713500000, 0x0000000713500000, 0x0000000713600000|  0%| F|  |TAMS 0x0000000713500000, 0x0000000713500000| Untracked 
| 240|0x0000000713600000, 0x0000000713600000, 0x0000000713700000|  0%| F|  |TAMS 0x0000000713600000, 0x0000000713600000| Untracked 
| 241|0x0000000713700000, 0x0000000713700000, 0x0000000713800000|  0%| F|  |TAMS 0x0000000713700000, 0x0000000713700000| Untracked 
| 242|0x0000000713800000, 0x0000000713841928, 0x0000000713900000| 25%| S|CS|TAMS 0x0000000713800000, 0x0000000713800000| Complete 
| 243|0x0000000713900000, 0x0000000713a00000, 0x0000000713a00000|100%| S|CS|TAMS 0x0000000713900000, 0x0000000713900000| Complete 
| 244|0x0000000713a00000, 0x0000000713b00000, 0x0000000713b00000|100%| S|CS|TAMS 0x0000000713a00000, 0x0000000713a00000| Complete 
| 245|0x0000000713b00000, 0x0000000713c00000, 0x0000000713c00000|100%| S|CS|TAMS 0x0000000713b00000, 0x0000000713b00000| Complete 
| 246|0x0000000713c00000, 0x0000000713d00000, 0x0000000713d00000|100%| S|CS|TAMS 0x0000000713c00000, 0x0000000713c00000| Complete 
| 247|0x0000000713d00000, 0x0000000713e00000, 0x0000000713e00000|100%| S|CS|TAMS 0x0000000713d00000, 0x0000000713d00000| Complete 
| 248|0x0000000713e00000, 0x0000000713f00000, 0x0000000713f00000|100%| S|CS|TAMS 0x0000000713e00000, 0x0000000713e00000| Complete 
| 249|0x0000000713f00000, 0x0000000714000000, 0x0000000714000000|100%| S|CS|TAMS 0x0000000713f00000, 0x0000000713f00000| Complete 
| 250|0x0000000714000000, 0x0000000714100000, 0x0000000714100000|100%| S|CS|TAMS 0x0000000714000000, 0x0000000714000000| Complete 
| 251|0x0000000714100000, 0x0000000714200000, 0x0000000714200000|100%| S|CS|TAMS 0x0000000714100000, 0x0000000714100000| Complete 
| 252|0x0000000714200000, 0x0000000714300000, 0x0000000714300000|100%| S|CS|TAMS 0x0000000714200000, 0x0000000714200000| Complete 
| 253|0x0000000714300000, 0x0000000714400000, 0x0000000714400000|100%| S|CS|TAMS 0x0000000714300000, 0x0000000714300000| Complete 
| 254|0x0000000714400000, 0x0000000714500000, 0x0000000714500000|100%| S|CS|TAMS 0x0000000714400000, 0x0000000714400000| Complete 
| 255|0x0000000714500000, 0x0000000714600000, 0x0000000714600000|100%| S|CS|TAMS 0x0000000714500000, 0x0000000714500000| Complete 
| 256|0x0000000714600000, 0x0000000714700000, 0x0000000714700000|100%| S|CS|TAMS 0x0000000714600000, 0x0000000714600000| Complete 
| 257|0x0000000714700000, 0x0000000714800000, 0x0000000714800000|100%| S|CS|TAMS 0x0000000714700000, 0x0000000714700000| Complete 
| 258|0x0000000714800000, 0x0000000714800000, 0x0000000714900000|  0%| F|  |TAMS 0x0000000714800000, 0x0000000714800000| Untracked 
| 259|0x0000000714900000, 0x0000000714900000, 0x0000000714a00000|  0%| F|  |TAMS 0x0000000714900000, 0x0000000714900000| Untracked 
| 260|0x0000000714a00000, 0x0000000714a00000, 0x0000000714b00000|  0%| F|  |TAMS 0x0000000714a00000, 0x0000000714a00000| Untracked 
| 261|0x0000000714b00000, 0x0000000714b00000, 0x0000000714c00000|  0%| F|  |TAMS 0x0000000714b00000, 0x0000000714b00000| Untracked 
| 262|0x0000000714c00000, 0x0000000714c00000, 0x0000000714d00000|  0%| F|  |TAMS 0x0000000714c00000, 0x0000000714c00000| Untracked 
| 263|0x0000000714d00000, 0x0000000714d00000, 0x0000000714e00000|  0%| F|  |TAMS 0x0000000714d00000, 0x0000000714d00000| Untracked 
| 264|0x0000000714e00000, 0x0000000714e00000, 0x0000000714f00000|  0%| F|  |TAMS 0x0000000714e00000, 0x0000000714e00000| Untracked 
| 265|0x0000000714f00000, 0x0000000714f00000, 0x0000000715000000|  0%| F|  |TAMS 0x0000000714f00000, 0x0000000714f00000| Untracked 
| 266|0x0000000715000000, 0x0000000715000000, 0x0000000715100000|  0%| F|  |TAMS 0x0000000715000000, 0x0000000715000000| Untracked 
| 267|0x0000000715100000, 0x0000000715100000, 0x0000000715200000|  0%| F|  |TAMS 0x0000000715100000, 0x0000000715100000| Untracked 
| 268|0x0000000715200000, 0x0000000715200000, 0x0000000715300000|  0%| F|  |TAMS 0x0000000715200000, 0x0000000715200000| Untracked 
| 269|0x0000000715300000, 0x0000000715300000, 0x0000000715400000|  0%| F|  |TAMS 0x0000000715300000, 0x0000000715300000| Untracked 
| 270|0x0000000715400000, 0x0000000715400000, 0x0000000715500000|  0%| F|  |TAMS 0x0000000715400000, 0x0000000715400000| Untracked 
| 271|0x0000000715500000, 0x0000000715500000, 0x0000000715600000|  0%| F|  |TAMS 0x0000000715500000, 0x0000000715500000| Untracked 
| 272|0x0000000715600000, 0x0000000715600000, 0x0000000715700000|  0%| F|  |TAMS 0x0000000715600000, 0x0000000715600000| Untracked 
| 273|0x0000000715700000, 0x0000000715700000, 0x0000000715800000|  0%| F|  |TAMS 0x0000000715700000, 0x0000000715700000| Untracked 
| 274|0x0000000715800000, 0x0000000715800000, 0x0000000715900000|  0%| F|  |TAMS 0x0000000715800000, 0x0000000715800000| Untracked 
| 275|0x0000000715900000, 0x0000000715900000, 0x0000000715a00000|  0%| F|  |TAMS 0x0000000715900000, 0x0000000715900000| Untracked 
| 276|0x0000000715a00000, 0x0000000715a00000, 0x0000000715b00000|  0%| F|  |TAMS 0x0000000715a00000, 0x0000000715a00000| Untracked 
| 277|0x0000000715b00000, 0x0000000715b00000, 0x0000000715c00000|  0%| F|  |TAMS 0x0000000715b00000, 0x0000000715b00000| Untracked 
| 278|0x0000000715c00000, 0x0000000715c00000, 0x0000000715d00000|  0%| F|  |TAMS 0x0000000715c00000, 0x0000000715c00000| Untracked 
| 279|0x0000000715d00000, 0x0000000715d00000, 0x0000000715e00000|  0%| F|  |TAMS 0x0000000715d00000, 0x0000000715d00000| Untracked 
| 280|0x0000000715e00000, 0x0000000715e00000, 0x0000000715f00000|  0%| F|  |TAMS 0x0000000715e00000, 0x0000000715e00000| Untracked 
| 281|0x0000000715f00000, 0x0000000715f00000, 0x0000000716000000|  0%| F|  |TAMS 0x0000000715f00000, 0x0000000715f00000| Untracked 
| 282|0x0000000716000000, 0x0000000716000000, 0x0000000716100000|  0%| F|  |TAMS 0x0000000716000000, 0x0000000716000000| Untracked 
| 283|0x0000000716100000, 0x0000000716100000, 0x0000000716200000|  0%| F|  |TAMS 0x0000000716100000, 0x0000000716100000| Untracked 
| 284|0x0000000716200000, 0x0000000716200000, 0x0000000716300000|  0%| F|  |TAMS 0x0000000716200000, 0x0000000716200000| Untracked 
| 285|0x0000000716300000, 0x0000000716300000, 0x0000000716400000|  0%| F|  |TAMS 0x0000000716300000, 0x0000000716300000| Untracked 
| 286|0x0000000716400000, 0x0000000716400000, 0x0000000716500000|  0%| F|  |TAMS 0x0000000716400000, 0x0000000716400000| Untracked 
| 287|0x0000000716500000, 0x0000000716500000, 0x0000000716600000|  0%| F|  |TAMS 0x0000000716500000, 0x0000000716500000| Untracked 
| 288|0x0000000716600000, 0x0000000716600000, 0x0000000716700000|  0%| F|  |TAMS 0x0000000716600000, 0x0000000716600000| Untracked 
| 289|0x0000000716700000, 0x0000000716700000, 0x0000000716800000|  0%| F|  |TAMS 0x0000000716700000, 0x0000000716700000| Untracked 
| 290|0x0000000716800000, 0x0000000716800000, 0x0000000716900000|  0%| F|  |TAMS 0x0000000716800000, 0x0000000716800000| Untracked 
| 291|0x0000000716900000, 0x0000000716900000, 0x0000000716a00000|  0%| F|  |TAMS 0x0000000716900000, 0x0000000716900000| Untracked 
| 292|0x0000000716a00000, 0x0000000716a00000, 0x0000000716b00000|  0%| F|  |TAMS 0x0000000716a00000, 0x0000000716a00000| Untracked 
| 293|0x0000000716b00000, 0x0000000716b00000, 0x0000000716c00000|  0%| F|  |TAMS 0x0000000716b00000, 0x0000000716b00000| Untracked 
| 294|0x0000000716c00000, 0x0000000716c00000, 0x0000000716d00000|  0%| F|  |TAMS 0x0000000716c00000, 0x0000000716c00000| Untracked 
| 295|0x0000000716d00000, 0x0000000716d00000, 0x0000000716e00000|  0%| F|  |TAMS 0x0000000716d00000, 0x0000000716d00000| Untracked 
| 296|0x0000000716e00000, 0x0000000716e00000, 0x0000000716f00000|  0%| F|  |TAMS 0x0000000716e00000, 0x0000000716e00000| Untracked 
| 297|0x0000000716f00000, 0x0000000716fd1b78, 0x0000000717000000| 81%| E|  |TAMS 0x0000000716f00000, 0x0000000716f00000| Complete 
| 298|0x0000000717000000, 0x0000000717100000, 0x0000000717100000|100%| E|CS|TAMS 0x0000000717000000, 0x0000000717000000| Complete 
| 299|0x0000000717100000, 0x0000000717200000, 0x0000000717200000|100%| E|CS|TAMS 0x0000000717100000, 0x0000000717100000| Complete 
| 300|0x0000000717200000, 0x0000000717300000, 0x0000000717300000|100%| E|CS|TAMS 0x0000000717200000, 0x0000000717200000| Complete 
| 301|0x0000000717300000, 0x0000000717400000, 0x0000000717400000|100%| E|CS|TAMS 0x0000000717300000, 0x0000000717300000| Complete 
| 302|0x0000000717400000, 0x0000000717500000, 0x0000000717500000|100%| E|CS|TAMS 0x0000000717400000, 0x0000000717400000| Complete 

Card table byte_map: [0x00000180ae8c0000,0x00000180af0a0000] _byte_map_base: 0x00000180ab09d000

Marking Bits (Prev, Next): (CMBitMap*) 0x000001809750ea70, (CMBitMap*) 0x000001809750ea38
 Prev Bits: [0x00000180b3770000, 0x00000180b7658000)
 Next Bits: [0x00000180af880000, 0x00000180b3768000)

Polling page: 0x0000018096c70000

Metaspace:

Usage:
  Non-class:     51.53 MB capacity,    50.67 MB ( 98%) used,   712.24 KB (  1%) free+waste,   169.94 KB ( <1%) overhead. 
      Class:      7.45 MB capacity,     6.88 MB ( 92%) used,   502.75 KB (  7%) free+waste,    81.88 KB (  1%) overhead. 
       Both:     58.98 MB capacity,    57.55 MB ( 98%) used,     1.19 MB (  2%) free+waste,   251.81 KB ( <1%) overhead. 

Virtual space:
  Non-class space:       52.00 MB reserved,      51.67 MB (>99%) committed 
      Class space:        1.00 GB reserved,       7.50 MB ( <1%) committed 
             Both:        1.05 GB reserved,      59.17 MB (  5%) committed 

Chunk freelists:
   Non-Class:  4.00 KB
       Class:  2.00 KB
        Both:  6.00 KB

CodeHeap 'non-profiled nmethods': size=120000Kb used=3475Kb max_used=3475Kb free=116524Kb
 bounds [0x00000180a6660000, 0x00000180a69d0000, 0x00000180adb90000]
CodeHeap 'profiled nmethods': size=120000Kb used=12260Kb max_used=12260Kb free=107740Kb
 bounds [0x000001809f130000, 0x000001809fd30000, 0x00000180a6660000]
CodeHeap 'non-nmethods': size=5760Kb used=1237Kb max_used=1302Kb free=4522Kb
 bounds [0x000001809eb90000, 0x000001809ee00000, 0x000001809f130000]
 total_blobs=5978 nmethods=5373 adapters=516
 compilation: enabled
              stopped_count=0, restarted_count=0
 full_count=0

Compilation events (10 events):
Event: 9.659 Thread 0x00000180bad28000 5376       4       java.nio.Buffer::remaining (20 bytes)
Event: 9.659 Thread 0x00000180bad28000 nmethod 5376 0x00000180a69c3e90 code [0x00000180a69c4000, 0x00000180a69c4078]
Event: 9.659 Thread 0x00000180bad28000 5360       4       org.apache.tomcat.util.buf.AbstractChunk::getLength (10 bytes)
Event: 9.659 Thread 0x00000180bad28000 nmethod 5360 0x00000180a69c4110 code [0x00000180a69c4280, 0x00000180a69c42f8]
Event: 9.659 Thread 0x00000180bad28000 5363   !   4       org.apache.tomcat.util.http.parser.HttpParser::isToken (9 bytes)
Event: 9.660 Thread 0x00000180bad28000 nmethod 5363 0x00000180a69c4390 code [0x00000180a69c4500, 0x00000180a69c4558]
Event: 9.660 Thread 0x00000180bad28000 5328       4       java.lang.Character::isSurrogate (18 bytes)
Event: 9.660 Thread 0x00000180bad28000 nmethod 5328 0x00000180a69c4610 code [0x00000180a69c4780, 0x00000180a69c47d8]
Event: 9.660 Thread 0x00000180bad28000 5331       4       java.util.Arrays::copyOf (10 bytes)
Event: 9.661 Thread 0x00000180bad28000 nmethod 5331 0x00000180a69c4890 code [0x00000180a69c4a00, 0x00000180a69c4bf8]

GC Heap History (10 events):
Event: 0.849 GC heap before
{Heap before GC invocations=1 (full 0):
 garbage-first heap   total 258048K, used 40027K [0x0000000704600000, 0x0000000800000000)
  region size 1024K, 38 young (38912K), 3 survivors (3072K)
 Metaspace       used 20653K, capacity 21105K, committed 21248K, reserved 1069056K
  class space    used 2308K, capacity 2479K, committed 2560K, reserved 1048576K
}
Event: 0.852 GC heap after
{Heap after GC invocations=2 (full 0):
 garbage-first heap   total 258048K, used 6755K [0x0000000704600000, 0x0000000800000000)
  region size 1024K, 5 young (5120K), 5 survivors (5120K)
 Metaspace       used 20653K, capacity 21105K, committed 21248K, reserved 1069056K
  class space    used 2308K, capacity 2479K, committed 2560K, reserved 1048576K
}
Event: 1.056 GC heap before
{Heap before GC invocations=3 (full 0):
 garbage-first heap   total 258048K, used 49763K [0x0000000704600000, 0x0000000800000000)
  region size 1024K, 48 young (49152K), 5 survivors (5120K)
 Metaspace       used 27553K, capacity 28092K, committed 28288K, reserved 1075200K
  class space    used 3197K, capacity 3397K, committed 3456K, reserved 1048576K
}
Event: 1.059 GC heap after
{Heap after GC invocations=4 (full 0):
 garbage-first heap   total 258048K, used 9039K [0x0000000704600000, 0x0000000800000000)
  region size 1024K, 4 young (4096K), 4 survivors (4096K)
 Metaspace       used 27553K, capacity 28092K, committed 28288K, reserved 1075200K
  class space    used 3197K, capacity 3397K, committed 3456K, reserved 1048576K
}
Event: 1.630 GC heap before
{Heap before GC invocations=4 (full 0):
 garbage-first heap   total 258048K, used 72527K [0x0000000704600000, 0x0000000800000000)
  region size 1024K, 68 young (69632K), 4 survivors (4096K)
 Metaspace       used 34888K, capacity 35769K, committed 35840K, reserved 1081344K
  class space    used 4167K, capacity 4480K, committed 4480K, reserved 1048576K
}
Event: 1.635 GC heap after
{Heap after GC invocations=5 (full 0):
 garbage-first heap   total 258048K, used 11929K [0x0000000704600000, 0x0000000800000000)
  region size 1024K, 7 young (7168K), 7 survivors (7168K)
 Metaspace       used 34888K, capacity 35769K, committed 35840K, reserved 1081344K
  class space    used 4167K, capacity 4480K, committed 4480K, reserved 1048576K
}
Event: 8.893 GC heap before
{Heap before GC invocations=6 (full 0):
 garbage-first heap   total 258048K, used 107161K [0x0000000704600000, 0x0000000800000000)
  region size 1024K, 100 young (102400K), 7 survivors (7168K)
 Metaspace       used 47415K, capacity 48626K, committed 48768K, reserved 1091584K
  class space    used 5729K, capacity 6213K, committed 6272K, reserved 1048576K
}
Event: 8.900 GC heap after
{Heap after GC invocations=7 (full 0):
 garbage-first heap   total 310272K, used 17575K [0x0000000704600000, 0x0000000800000000)
  region size 1024K, 13 young (13312K), 13 survivors (13312K)
 Metaspace       used 47415K, capacity 48626K, committed 48768K, reserved 1091584K
  class space    used 5729K, capacity 6213K, committed 6272K, reserved 1048576K
}
Event: 9.581 GC heap before
{Heap before GC invocations=7 (full 0):
 garbage-first heap   total 310272K, used 62631K [0x0000000704600000, 0x0000000800000000)
  region size 1024K, 58 young (59392K), 13 survivors (13312K)
 Metaspace       used 58372K, capacity 59844K, committed 59948K, reserved 1101824K
  class space    used 6979K, capacity 7552K, committed 7552K, reserved 1048576K
}
Event: 9.590 GC heap after
{Heap after GC invocations=8 (full 0):
 garbage-first heap   total 310272K, used 23490K [0x0000000704600000, 0x0000000800000000)
  region size 1024K, 16 young (16384K), 16 survivors (16384K)
 Metaspace       used 58372K, capacity 59844K, committed 59948K, reserved 1101824K
  class space    used 6979K, capacity 7552K, committed 7552K, reserved 1048576K
}

Deoptimization events (10 events):
Event: 9.457 Thread 0x00000180be0fb800 Uncommon trap: reason=class_check action=maybe_recompile pc=0x00000180a694b9c4 method=java.lang.Character.isWhitespace(I)Z @ 5 c2
Event: 9.457 Thread 0x00000180be0fb800 Uncommon trap: reason=class_check action=maybe_recompile pc=0x00000180a694b9c4 method=java.lang.Character.isWhitespace(I)Z @ 5 c2
Event: 9.575 Thread 0x00000180be0fb800 Uncommon trap: reason=unstable_if action=reinterpret pc=0x00000180a676ec88 method=java.lang.AbstractStringBuilder.appendChars(Ljava/lang/CharSequence;II)V @ 43 c2
Event: 9.575 Thread 0x00000180be0fb800 Uncommon trap: reason=unstable_if action=reinterpret pc=0x00000180a66c3cac method=java.lang.AbstractStringBuilder.appendChars(Ljava/lang/CharSequence;II)V @ 4 c2
Event: 9.615 Thread 0x00000180be0fb800 Uncommon trap: reason=loop_limit_check action=maybe_recompile pc=0x00000180a69a5d3c method=org.attoparser.util.TextUtil.equals(Z[CII[CII)Z @ 68 c2
Event: 9.637 Thread 0x00000180be0fd000 Uncommon trap: reason=unstable_if action=reinterpret pc=0x00000180a6919260 method=java.util.concurrent.ConcurrentHashMap.putVal(Ljava/lang/Object;Ljava/lang/Object;Z)Ljava/lang/Object; @ 97 c2
Event: 9.638 Thread 0x00000180be101000 Uncommon trap: reason=class_check action=maybe_recompile pc=0x00000180a68ceb1c method=java.util.concurrent.ConcurrentHashMap.get(Ljava/lang/Object;)Ljava/lang/Object; @ 93 c2
Event: 9.638 Thread 0x00000180be0fd000 Uncommon trap: reason=class_check action=maybe_recompile pc=0x00000180a68ceb1c method=java.util.concurrent.ConcurrentHashMap.get(Ljava/lang/Object;)Ljava/lang/Object; @ 93 c2
Event: 9.645 Thread 0x00000180be101000 Uncommon trap: reason=unstable_if action=reinterpret pc=0x00000180a66e6058 method=java.util.Objects.equals(Ljava/lang/Object;Ljava/lang/Object;)Z @ 6 c2
Event: 9.648 Thread 0x00000180be0fe800 Uncommon trap: reason=speculate_null_assert action=make_not_entrant pc=0x00000180a67f83d8 method=java.lang.invoke.MethodType$ConcurrentWeakInternSet.add(Ljava/lang/Object;)Ljava/lang/Object; @ 47 c2

Classes redefined (0 events):
No events

Internal exceptions (10 events):
Event: 9.056 Thread 0x00000180be0fb800 Exception <a 'sun/nio/fs/WindowsException'{0x000000071666c310}> (0x000000071666c310) thrown at [./open/src/hotspot/share/prims/jni.cpp, line 611]
Event: 9.238 Thread 0x00000180be0fb800 Implicit null exception at 0x00000180a6685674 to 0x00000180a6685c6c
Event: 9.238 Thread 0x00000180be0fb800 Implicit null exception at 0x00000180a6686274 to 0x00000180a6686854
Event: 9.251 Thread 0x00000180be0fb800 Exception <a 'java/lang/NoSuchMethodError'{0x0000000715febe50}: java.lang.invoke.DirectMethodHandle$Holder.invokeStaticInit(Ljava/lang/Object;Ljava/lang/Object;Ljava/lang/Object;Ljava/lang/Object;)Ljava/lang/Object;> (0x0000000715febe50) thrown at [./open
Event: 9.579 Thread 0x00000180be0fb800 Exception <a 'java/lang/NoSuchMethodError'{0x000000071480b478}: java.lang.invoke.DirectMethodHandle$Holder.invokeStatic(Ljava/lang/Object;Ljava/lang/Object;Ljava/lang/Object;Ljava/lang/Object;Ljava/lang/Object;Ljava/lang/Object;Ljava/lang/Object;Ljava/lan
Event: 9.580 Thread 0x00000180be0fb800 Exception <a 'java/lang/NoSuchMethodError'{0x00000007148194f8}: java.lang.invoke.DirectMethodHandle$Holder.invokeStatic(Ljava/lang/Object;Ljava/lang/Object;Ljava/lang/Object;Ljava/lang/Object;Ljava/lang/Object;Ljava/lang/Object;Ljava/lang/Object;Ljava/lan
Event: 9.580 Thread 0x00000180be0fb800 Exception <a 'java/lang/NoSuchMethodError'{0x0000000714827848}: java.lang.invoke.DirectMethodHandle$Holder.invokeSpecial(Ljava/lang/Object;Ljava/lang/Object;JILjava/lang/Object;Ljava/lang/Object;Ljava/lang/Object;Ljava/lang/Object;ILjava/lang/Object;)Ljav
Event: 9.580 Thread 0x00000180be0fb800 Exception <a 'java/lang/NoSuchMethodError'{0x000000071482b8e8}: java.lang.invoke.DelegatingMethodHandle$Holder.reinvoke_L(Ljava/lang/Object;JILjava/lang/Object;Ljava/lang/Object;Ljava/lang/Object;Ljava/lang/Object;ILjava/lang/Object;)Ljava/lang/Object;> (
Event: 9.659 Thread 0x00000180c209a000 Exception <a 'java/io/IOException'{0x0000000716f1f2a0}> (0x0000000716f1f2a0) thrown at [./open/src/hotspot/share/prims/jni.cpp, line 611]
Event: 9.660 Thread 0x00000180c209a000 Exception <a 'java/io/IOException'{0x0000000716f2c038}> (0x0000000716f2c038) thrown at [./open/src/hotspot/share/prims/jni.cpp, line 611]

Events (10 events):
Event: 9.660 loading class org/springframework/web/context/request/async/AsyncRequestTimeoutException
Event: 9.660 loading class org/springframework/web/context/request/async/AsyncRequestTimeoutException done
Event: 9.660 Executing VM operation: RevokeBias
Event: 9.660 Executing VM operation: RevokeBias done
Event: 9.660 Executing VM operation: RevokeBias
Event: 9.660 Executing VM operation: RevokeBias done
Event: 9.661 Executing VM operation: RevokeBias
Event: 9.661 Executing VM operation: RevokeBias done
Event: 9.661 Executing VM operation: RevokeBias
Event: 9.661 Executing VM operation: RevokeBias done


Dynamic libraries:
0x00007ff7df180000 - 0x00007ff7df190000 	C:\Program Files\Java\jdk-11\bin\java.exe
0x00007fffeb230000 - 0x00007fffeb447000 	C:\windows\SYSTEM32\ntdll.dll
0x00007fffe9d60000 - 0x00007fffe9e24000 	C:\windows\System32\KERNEL32.DLL
0x00007fffe8a20000 - 0x00007fffe8dcd000 	C:\windows\System32\KERNELBASE.dll
0x00007fffe8dd0000 - 0x00007fffe8ee1000 	C:\windows\System32\ucrtbase.dll
0x00007fffe2280000 - 0x00007fffe2299000 	C:\Program Files\Java\jdk-11\bin\jli.dll
0x00007fffe51a0000 - 0x00007fffe51bb000 	C:\Program Files\Java\jdk-11\bin\VCRUNTIME140.dll
0x00007fffeb130000 - 0x00007fffeb1e2000 	C:\windows\System32\ADVAPI32.dll
0x00007fffe9ca0000 - 0x00007fffe9d47000 	C:\windows\System32\msvcrt.dll
0x00007fffe9290000 - 0x00007fffe9339000 	C:\windows\System32\sechost.dll
0x00007fffe8740000 - 0x00007fffe8768000 	C:\windows\System32\bcrypt.dll
0x00007fffe8f80000 - 0x00007fffe9094000 	C:\windows\System32\RPCRT4.dll
0x00007fffe90a0000 - 0x00007fffe924e000 	C:\windows\System32\USER32.dll
0x00007fffe8890000 - 0x00007fffe88b6000 	C:\windows\System32\win32u.dll
0x00007fffe9260000 - 0x00007fffe9289000 	C:\windows\System32\GDI32.dll
0x00007fffdad40000 - 0x00007fffdafd3000 	C:\windows\WinSxS\amd64_microsoft.windows.common-controls_6595b64144ccf1df_6.0.22621.3672_none_2713b9d173822955\COMCTL32.dll
0x00007fffe8770000 - 0x00007fffe8889000 	C:\windows\System32\gdi32full.dll
0x00007fffe88c0000 - 0x00007fffe895a000 	C:\windows\System32\msvcp_win.dll
0x00007fffe0be0000 - 0x00007fffe0bea000 	C:\windows\SYSTEM32\VERSION.dll
0x00007fffe9ee0000 - 0x00007fffe9f11000 	C:\windows\System32\IMM32.DLL
0x00007fffe5250000 - 0x00007fffe525c000 	C:\Program Files\Java\jdk-11\bin\vcruntime140_1.dll
0x00007fffdb360000 - 0x00007fffdb3ee000 	C:\Program Files\Java\jdk-11\bin\msvcp140.dll
0x00007fffa41f0000 - 0x00007fffa4d4e000 	C:\Program Files\Java\jdk-11\bin\server\jvm.dll
0x00007fffe9d50000 - 0x00007fffe9d58000 	C:\windows\System32\PSAPI.DLL
0x00007fffd1700000 - 0x00007fffd1709000 	C:\windows\SYSTEM32\WSOCK32.dll
0x00007fffd60a0000 - 0x00007fffd60d4000 	C:\windows\SYSTEM32\WINMM.dll
0x00007fffe9880000 - 0x00007fffe98f1000 	C:\windows\System32\WS2_32.dll
0x00007fffe7630000 - 0x00007fffe7648000 	C:\windows\SYSTEM32\kernel.appcore.dll
0x00007fffe2540000 - 0x00007fffe2550000 	C:\Program Files\Java\jdk-11\bin\verify.dll
0x00007fffe2820000 - 0x00007fffe2a52000 	C:\windows\SYSTEM32\DBGHELP.DLL
0x00007fffe9390000 - 0x00007fffe971d000 	C:\windows\System32\combase.dll
0x00007fffe9bc0000 - 0x00007fffe9c97000 	C:\windows\System32\OLEAUT32.dll
0x00007fffe2670000 - 0x00007fffe26a2000 	C:\windows\SYSTEM32\dbgcore.DLL
0x00007fffe8550000 - 0x00007fffe85cb000 	C:\windows\System32\bcryptPrimitives.dll
0x00007fffe0720000 - 0x00007fffe0748000 	C:\Program Files\Java\jdk-11\bin\java.dll
0x00007fffe2270000 - 0x00007fffe227a000 	C:\Program Files\Java\jdk-11\bin\jimage.dll
0x00007fffe0b70000 - 0x00007fffe0b7e000 	C:\Program Files\Java\jdk-11\bin\instrument.dll
0x00007fffe1be0000 - 0x00007fffe1bf7000 	C:\Program Files\Java\jdk-11\bin\zip.dll
0x00007fffea430000 - 0x00007fffeac98000 	C:\windows\System32\SHELL32.dll
0x00007fffe6450000 - 0x00007fffe6d4e000 	C:\windows\SYSTEM32\windows.storage.dll
0x00007fffe6310000 - 0x00007fffe644f000 	C:\windows\SYSTEM32\wintypes.dll
0x00007fffeaf30000 - 0x00007fffeb029000 	C:\windows\System32\SHCORE.dll
0x00007fffead20000 - 0x00007fffead7e000 	C:\windows\System32\shlwapi.dll
0x00007fffe8480000 - 0x00007fffe84a1000 	C:\windows\SYSTEM32\profapi.dll
0x00007fffe05c0000 - 0x00007fffe05d9000 	C:\Program Files\Java\jdk-11\bin\net.dll
0x00007fffe3e30000 - 0x00007fffe3f66000 	C:\windows\SYSTEM32\WINHTTP.dll
0x00007fffe7a90000 - 0x00007fffe7af9000 	C:\windows\system32\mswsock.dll
0x00007fffdb240000 - 0x00007fffdb252000 	C:\Program Files\Java\jdk-11\bin\nio.dll
0x00007fffdb220000 - 0x00007fffdb23a000 	C:\Users\user\Desktop\course\Intelij\bin\breakgen64.dll
0x00007fffe0b60000 - 0x00007fffe0b69000 	C:\Program Files\Java\jdk-11\bin\management.dll
0x00007fffe05b0000 - 0x00007fffe05bb000 	C:\Program Files\Java\jdk-11\bin\management_ext.dll
0x00007fffdc2e0000 - 0x00007fffdc2f7000 	C:\windows\system32\napinsp.dll
0x00007fffdc2c0000 - 0x00007fffdc2db000 	C:\windows\system32\pnrpnsp.dll
0x00007fffe7020000 - 0x00007fffe7118000 	C:\windows\SYSTEM32\DNSAPI.dll
0x00007fffe6fb0000 - 0x00007fffe6fdd000 	C:\windows\SYSTEM32\IPHLPAPI.DLL
0x00007fffe9f20000 - 0x00007fffe9f29000 	C:\windows\System32\NSI.dll
0x00007fffdc2a0000 - 0x00007fffdc2b1000 	C:\windows\System32\winrnr.dll
0x00007fffdc280000 - 0x00007fffdc295000 	C:\windows\system32\wshbth.dll
0x00007fffdc250000 - 0x00007fffdc277000 	C:\windows\system32\nlansp_c.dll
0x00007fffe0140000 - 0x00007fffe014a000 	C:\Windows\System32\rasadhlp.dll
0x00007fffe3060000 - 0x00007fffe30e3000 	C:\windows\System32\fwpuclnt.dll
0x00007fffe7de0000 - 0x00007fffe7dfb000 	C:\windows\SYSTEM32\CRYPTSP.dll
0x00007fffe7590000 - 0x00007fffe75c5000 	C:\windows\system32\rsaenh.dll
0x00007fffe7b30000 - 0x00007fffe7b58000 	C:\windows\SYSTEM32\USERENV.dll
0x00007fffe7dc0000 - 0x00007fffe7dcc000 	C:\windows\SYSTEM32\CRYPTBASE.dll
0x00007fffe4a20000 - 0x00007fffe4a39000 	C:\windows\SYSTEM32\dhcpcsvc6.DLL
0x00007fffe3570000 - 0x00007fffe358f000 	C:\windows\SYSTEM32\dhcpcsvc.DLL
0x00007fffdc200000 - 0x00007fffdc20e000 	C:\Program Files\Java\jdk-11\bin\sunmscapi.dll
0x00007fffe85d0000 - 0x00007fffe8737000 	C:\windows\System32\CRYPT32.dll
0x00007fffe7f00000 - 0x00007fffe7f2e000 	C:\windows\SYSTEM32\ncrypt.dll
0x00007fffe7ec0000 - 0x00007fffe7ef7000 	C:\windows\SYSTEM32\NTASN1.dll
0x00007fffdb0a0000 - 0x00007fffdb0c7000 	C:\Program Files\Java\jdk-11\bin\sunec.dll

dbghelp: loaded successfully - version: 4.0.5 - missing functions: none
symbol engine: initialized successfully - sym options: 0x614 - pdb path: .;C:\Program Files\Java\jdk-11\bin;C:\windows\SYSTEM32;C:\windows\WinSxS\amd64_microsoft.windows.common-controls_6595b64144ccf1df_6.0.22621.3672_none_2713b9d173822955;C:\Program Files\Java\jdk-11\bin\server;C:\Users\user\Desktop\course\Intelij\bin

VM Arguments:
jvm_args: -javaagent:C:\Users\user\Desktop\course\Intelij\lib\idea_rt.jar=51307:C:\Users\user\Desktop\course\Intelij\bin -Dfile.encoding=UTF-8 
java_command: com.coding404.myweb.BootMywebApplication
java_class_path (initial): C:\Users\user\Desktop\course\Intelij\workspace\Bootmyweb\out\production\classes;C:\Users\user\Desktop\course\Intelij\workspace\Bootmyweb\out\production\resources;C:\Users\user\.gradle\caches\modules-2\files-2.1\org.springframework.boot\spring-boot-starter-thymeleaf\2.7.18\c87a27e30720c43372ceb0476b5b00c6f5296df3\spring-boot-starter-thymeleaf-2.7.18.jar;C:\Users\user\.gradle\caches\modules-2\files-2.1\org.springframework.boot\spring-boot-starter-web\2.7.18\dd62ea85098187b4604e78dc15a7ff87dba173d\spring-boot-starter-web-2.7.18.jar;C:\Users\user\.gradle\caches\modules-2\files-2.1\org.springframework.boot\spring-boot-starter-validation\2.7.18\5c37e1806f7b09b2c0efc7317fbe16be65ced66e\spring-boot-starter-validation-2.7.18.jar;C:\Users\user\.gradle\caches\modules-2\files-2.1\org.mybatis.spring.boot\mybatis-spring-boot-starter\2.2.0\1543d9566e2acaa7230cd8996237a291603ac21f\mybatis-spring-boot-starter-2.2.0.jar;C:\Users\user\.gradle\caches\modules-2\files-2.1\org.bgee.log4jdbc-log4j2\log4jdbc-log4j2-jdbc4.1\1.16\ce7cd831b2e3e5d428e659a6fdae0fb6b89f3cc7\log4jdbc-log4j2-jdbc4.1-1.16.jar;C:\Users\user\.gradle\caches\modules-2\files-2.1\org.springframework.boot\spring-boot-starter\2.7.18\e56b75105f9ace6df154fd47eeeeadc2f5791e56\spring-boot-starter-2.7.18.jar;C:\Users\user\.gradle\caches\modules-2\files-2.1\org.thymeleaf\thymeleaf-spring5\3.0.15.RELEASE\7170e1bcd1588d38c139f7048ebcc262676441c3\thymeleaf-spring5-3.0.15.RELEASE.jar;C:\Users\user\.gradle\caches\modules-2\files-2.1\org.thymeleaf.extras\thymeleaf-extras-java8time\3.0.4.RELEASE\36e7175ddce36c486fff4578b5af7bb32f54f5df\thymeleaf-extras-java8time-3.0.4.RELEASE.jar;C:\Users\user\.gradle\caches\modules-2\files-2.1\org.springframework.boot\spring-boot-starter-json\2.7.18\b6d9ed5cae0c1929a9e561bf4799a3dc93a10db1\spring-boot-starter-json-2.7.18.jar;C:\Users\user\.gradle\caches\modules-2\files-2.1\org.springframework.boot\spring-boot-starter-tomcat\2.7.18\c56e50e006448e75a8bde595dbc754ba294389af\sp
Launcher Type: SUN_STANDARD

[Global flags]
     intx CICompilerCount                          = 4                                         {product} {ergonomic}
     uint ConcGCThreads                            = 3                                         {product} {ergonomic}
     uint G1ConcRefinementThreads                  = 10                                        {product} {ergonomic}
   size_t G1HeapRegionSize                         = 1048576                                   {product} {ergonomic}
    uintx GCDrainStackTargetSize                   = 64                                        {product} {ergonomic}
   size_t InitialHeapSize                          = 264241152                                 {product} {ergonomic}
   size_t MarkStackSize                            = 4194304                                   {product} {ergonomic}
   size_t MaxHeapSize                              = 4221566976                                {product} {ergonomic}
   size_t MaxNewSize                               = 2532311040                                {product} {ergonomic}
   size_t MinHeapDeltaBytes                        = 1048576                                   {product} {ergonomic}
    uintx NonNMethodCodeHeapSize                   = 5836300                                {pd product} {ergonomic}
    uintx NonProfiledCodeHeapSize                  = 122910970                              {pd product} {ergonomic}
    uintx ProfiledCodeHeapSize                     = 122910970                              {pd product} {ergonomic}
    uintx ReservedCodeCacheSize                    = 251658240                              {pd product} {ergonomic}
     bool SegmentedCodeCache                       = true                                      {product} {ergonomic}
     bool UseCompressedClassPointers               = true                                 {lp64_product} {ergonomic}
     bool UseCompressedOops                        = true                                 {lp64_product} {ergonomic}
     bool UseG1GC                                  = true                                      {product} {ergonomic}
     bool UseLargePagesIndividualAllocation        = false                                  {pd product} {ergonomic}

Logging:
Log output configuration:
 #0: stdout all=warning uptime,level,tags
 #1: stderr all=off uptime,level,tags

Environment Variables:
PATH=C:\Program Files\Common Files\Oracle\Java\javapath;C:\Program Files (x86)\Common Files\Oracle\Java\java8path;C:\Program Files (x86)\Common Files\Oracle\Java\javapath;C:\oraclexe\app\oracle\product\11.2.0\server\bin;C:\windows\system32;C:\windows;C:\windows\System32\Wbem;C:\windows\System32\WindowsPowerShell\v1.0\;C:\windows\System32\OpenSSH\;C:\Program Files\Git\cmd;C:\Users\user\AppData\Local\Microsoft\WindowsApps;C:\Users\user\AppData\Local\Programs\Microsoft VS Code\bin
USERNAME=user
OS=Windows_NT
PROCESSOR_IDENTIFIER=Intel64 Family 6 Model 151 Stepping 2, GenuineIntel



---------------  S Y S T E M  ---------------

OS: Windows 11 , 64 bit Build 22621 (10.0.22621.3958)
Hyper-V role detected

CPU:total 12 (initial active 12) (6 cores per cpu, 2 threads per core) family 6 model 151 stepping 2 microcode 0x1e, cmov, cx8, fxsr, mmx, sse, sse2, sse3, ssse3, sse4.1, sse4.2, popcnt, avx, avx2, aes, clmul, erms, 3dnowpref, lzcnt, ht, tsc, tscinvbit, bmi1, bmi2, adx, sha, fma

Memory: 4k page, system-wide physical 16099M (1810M free)
TotalPageFile size 44470M (AvailPageFile size 5M)
current process WorkingSet (physical memory assigned to process): 350M, peak: 358M
current process commit charge ("private bytes"): 532M, peak: 545M

vm_info: Java HotSpot(TM) 64-Bit Server VM (11.0.23+7-LTS-222) for windows-amd64 JRE (11.0.23+7-LTS-222), built on Mar 11 2024 22:13:52 by "mach5one" with MS VC++ 17.6 (VS2022)

END.
